[   .0000] Initlizing cgroup subsys cpset
    0.0000]nitializing croup subsys cpu
[   0.00000]Initialiing cgroupsusys cpuacct
   000000] Linux versn .40-130-geerc uildd@lg1-md4-039)(gc erio 5.4.0 01069 (Ubuntu5..06uuntu1~16..9) #156-untu SMP hu Jn 14 :528 UC 01 (buntu 4.4.0-3015generic 4.4.34
    0.0000 Cmmand lineBO_IMAGE=/bot/mluz-4.4.0-130geric root=LBE=cloudimg-rootfs ro console=tt1 console=ttyS0
[    0.000000] KERNEL supported pus:
[    0.000000]   Intel GenuieIel
[    0.000000]  AMAuheticAMD
[  000000]  enau Centurul
[    0000] x86/pu xtae_offset[2  6, xstate_sies[2]: 26
[  000000] x86fp Spporting XAVE eature 0x0: x87 floating pot gisters'
[    0.0000] x86fp: uporin XAV feature 0x02: SS rgisters'
[  000000] x86fp: uporting XSE feature 0x04:'AVX registers'
[    0.000000] x86/fpu: Enabled xstate features 0x7, context size is 832 bytes, using 'standard format.
[   .0000] x86puUsing 'eager' FPU context switches.
[    0.000000] e820: BIOS-provided physical RAM map:
[    0.000000] BIOS-e820: [emx000000000000000x00000009bf] sable[   .00000] IOe820: [emx0000000009f000x00000000009fff rserved[   .000000]BIS-820: [mem 0x00000000f0000-0x00000000000ffff] reserved
[    0.000000] BIOS-e820: [mem 0x0000000000100000-0x000000003ffefff] uabe
  0.00000]BIS-82: [mem 0000003ff00-0000000003ffff] CPI data
[    0000000] BIOS-e820: [mem 0x0000000fec00000-0x00000000fec00fff] reserved
[    0.0000] BIOSe80:[mm 0x00000000fee0000-00000000fee00ff rservd
[    0.000000] BIOS-e820: [mem 0x00000000fffc0000-0x00000000fffffff]resrvd
[  000000] NX (ExeteDisabl potction:active
[   .000000]SMIO 25 presen
   0.000000] yprvso detected: KVM[   .00000e80: lastfn 0x3fff0 max_arch_fn = 0x40000000
    0.000000] MTRR: Disabled
[    0.000000] 86/PA: RR disabed siping ATniializatontoo.
[    0.000000] CPU MTRRs all blank - virtualized system.
[    0.000000] x86/PAT Configuraion [0-7]: WB  WT  UC- UC  WB  WT  UC- UC  
[    0.000000] found SMP MP-table at [mem 0x0009fff0-0x0009ffff] mappe a [fff88009ff0]
[  000000]Scanng1 aras fr w meory corruption
[    0.000000] RAMDISK: [mem 0x36aa2000-0x3758ff]
   0000000] CPI: Early tbl cecsum erfiaton disabed
[    0.0000] API RP 0x000000000E000000024 (v02 VX )
[    00000 APIXST 0x000000003FF030 00003C (v01 VBOX   VBOXXSD 00000001 ASL  00000061)
[    0.000000] ACPI:FACP 0x000000003FFF00F0 0000F4 (v04 VBOX   VBOXFACP 00000001 ASL  00000061)
[    0.000000] ACPI: DSDT 0x000000003FFF0470 0021FF (v02 VBOX   VBOXBIOS 00000002 INTL 20100528)
[    0.000000] ACPI: FACS x0000003FFF020 0040
[    .0000] ACPI: FCS 0x000000003FFF0200 000040
[    0.000000] ACPI: APIC 0x000000003FFF0240 00005C (v02 VBOX   VBOXAPIC 00000001 ASL  00000061)
[    0.000000] ACPI: SSDT 0x000000003FFF02A0 01C (v01 VBOX   VBOXCPUT 00000002 INTL 20100528)
[    0.000000] No UM congurationfond
[   0.000000]akng a ndet mem 0x00000000000000-0x000000003ffeffff]
[    0.000000] NOD_DATA(0) allcated [mem 0x3ffeb0000xffeffff
  0.00000]kvm-lok: Uinmss 4b56401nd4b564d00
[   000000] kvm-clock: cpu 0, sr:3fe3001, primay pulock
  0.0000] m-clok: using shed ffseof 33057957977 cycles
[    0.000000] clocksource: kvmclckmask: 0fffffffffffffmacycles: 0x1cd42edffb, max_idle_ns: 881590591483 ns
[    0.000000] Zone ranges:
[    0.000000]   DMA      [mem 0x00000000001000-0x0000000000ffffff]
[    0.000000]   DMA32    [mem 0x0000000001000000-0x000000003ffeffff]
[    0.000000]   Normal   empty
[    0.000000]   Device   empty[   0.000] Movabl znestart for eac ne
[    0.0000 Erly memory nde range
   0.000]  node  0:me 0x000000000000-0x00000009efff][   .000000  od   0: [mem 0x000000100000-0x000003feffff]
[    0.000000]Initemetp node 0 [mm x00000000001000-0x000000003ffeffff]
[    0.0000] ACPI:PMTimer IO Port 000
[   0.00000] IOAPIC[0] apic_id 2, version 32, address 0xfec00000, GSI -23
[    0.000000] ACI:INSRC_OV (s  bus_irq 0 global_irq 2 df dl)
[   .00000] ACPI: INT_SC_OVR (bus bs_rq 9 gloalrq 9 low level)
[   0.0000]Using ACI MA)  for P onigration infrmtin
[   000000]smpboot:Alowng 2 CPU,  htpug CPUs
   000000] PM: Registerd osavemeor: [mem 0x00000-x00000fff]
[    0.000000] PM: Registered nosave memory [em x0009f00-0x0009ffff]
[    0.000000] PM: Registered nosave memory: [mem 0x000a0000-0x000effff]
[    0.00000] PM: Registered nosave memory: [mem 0x000f0000-0x000ffff]
[    0.00000] e20 [me 04000000-0ebffff] available for PI evice
  0.00000]ooing paavtulized kene o KM
[  000000] closorc: refnejifies msk 0xfffffff m_cles: 0xfffff max_idle_ns:765596021158 s[    00000 setuppecp: NR_PU:52 r_cpumskbits512 n_cpu_ids:2 nr_node_ids:1[    0.000000] PERCPU: Embedded 34 pages/pu @ffff8800fc00000 s995 r192 d31528 0476
[  000000] PVqsinoc hash abe nties: 26 rdr: 040 btes)
   0.0000] Bil1 zoneistsinode order, moility grouping on.  Total pages: 257912
[    00000]Pocyzone DA3
    0.00000 Krnl comman lneBOOT_IMAGE=/otvminuz-4.4.0-0-enric root=LABEL=cloimrootfs rconsole=tty1 consol=ttyS0
[    0.000000] PID hash table entries: 4096 (order: 3, 32768 byte
    .0000]Memory: 1001608K/1048120K availbl (846K kernel code, 1313K rwdta, 4000K rodat, 51 ini, 16 bss, 51K eserve, K mareerve)[   0.00000]SLB:HWalign=64, Order=-3 Minbjts0, CPUs=, de=1
[    0.000000] Kernel/User page tables isolatn:enbled
[  000000] Hiearhil RCU imleenaton.
[    00000 	Buil-tmeadustmt f lea fanout to 64.
[   0.000000] 	RCU restricting CPUs from NR_CPS=512 to nr_cpu_ids=.
[   00000] RCU:Adusin geometryfo ru_faout_leaf=64, nr_cpu_ids=2
[    0.000000] NR_IRQS:33024 nr_irqs:440 16
[    0.000000] Console: colour VGA+ 80x25
[    0.000000] console [tty1] enabled
[    0.000000] console [ttyS0] enabled
[    0.000000] tsc: Detected 2494.226 MHz processor
[   12.316423] Calibrating delay loop (skipped) preset value.. 4988.45 BogoMIPS (lpj=9976904)
[   12.317812] pid_max: default: 32768 minimum: 301
[   12.318564] ACPI: Core revision 20150930
[   12.319991] ACPI: 2 ACI MLtables successfully acquired and loaded
[   12.376513] Security Framework initialized
[   12.390136] Yama: becoming mindful.
[   12.392191] AppArmor: AppArmor initialized
[   12.429215] Dentry cache hash table entries: 131072 (order: 8, 1048576 bytes)
[   12.448451] Inode-cache hash table entries: 65536 (order: 7, 524288 bytes)
[   12.457783] Mount-cache hash table entries: 2048 (order: 2, 16384 bytes)
[   12.472492] Mountpoint-cache hash table entries: 2048 (order: 2, 16384 bytes)
[   12.483295] Initializing cgroup subsys io
[   12.483999] Initializing cgroup subsys memory
[   12.500627] Initializing cgroup subsys devices
[   12.557268] Initializing cgroup subsys freezer
[   12.604727] Initializing cgroup subsys net_cls
[   12.645501] Initializing cgroup subsys perf_event
[   12.716128] Initializing cgroup subsys net_prio
[   12.760901] Initializing cgroup subsys hugetlb
[   12.812997] Initializing cgroup subsys pids
[   12.820802] CPU: Physical Processor ID: 0
[   12.822069] CPU: Processor Core ID: 0
[   12.849327] mce: CPU supports 0 MCE banks
[   12.893532] Last level iTLB entries: 4KB 1024, 2MB 1024, 4MB 1024
[   12.969435] Last level dTLB entries: 4KB 1024, 2MB 1024, 4MB 1024, 1GB 4
[   13.035377] Spectre V2 : Mitigation: Full generic retpoline
[   13.096195] Spectre V2 : Speculation control IBPB not-supported IBRS not-supported
[   13.161276] Speculative Store Bypass: Vulnerable
[   13.175824] Freeing SMP alternatives memory: 32K
[   13.185571] ftrace: allocating 32245 entries in 126 pages
[   13.245411] smpboot: APIC(0) Converting physical 0 to logical package 0
[   13.335345] smpboot: Max logical packages: 1
[   13.377691] x2apic enabled
[   13.392717] Switched APIC routing to physical x2apic.
[   13.401643] ..TIMER: vector=0x30 apic1=0 pin1=2 apic2=-1 pin2=-1
[   13.521346] smpboot: CPU0: Intel(R) Core(TM) i7-4870HQ CPU @ 2.50GHz (family: 0x6, model: 0x46, stepping: 0x1)
[   13.682201] Performance Events: unsupported p6 CPU model 70 no PMU driver, software events only.
[   13.773440] KVM setup paravirtual spinlock
[   13.776549] x86: Booting SMP configuration:
[   13.842174] .... node  #0, CPUs:      #1
[   13.898547] kvm-clock: cpu 1, msr 0:3ffe3041, secondary cpu clock
[   13.923108] mce: CPU supports 0 MCE banks
[   13.928088] x86: Booted up 1 node, 2 CPUs
[   13.965083] smpboot: Total of 2 processors activated (9976.90 BogoMIPS)
[   14.035591] devtmpfs: initialized
[   14.082071] evm: security.selinux
[   14.121104] evm: security.SMACK64
[   14.150132] evm: security.SMACK64EXEC
[   14.181225] evm: security.SMACK64TRANSMUTE
[   14.223261] evm: security.SMACK64MMAP
[   14.245113] evm: security.ima
[   14.245866] evm: security.capability
[   14.253380] clocksource: jiffies: mask: 0xffffffff max_cycles: 0xffffffff, max_idle_ns: 7645041785100000 ns
[   14.258888] futex hash table entries: 512 (order: 3, 32768 bytes)
[   14.261371] pinctrl core: initialized pinctrl subsystem
[   14.270836] RTC time: 17:03:25, date: 07/06/18
[   14.273639] NET: Registered protocol family 16
[   14.286389] cpuidle: using governor ladder
[   14.351700] cpuidle: using governor menu
[   14.408400] PCCT header not found.
[   14.451143] ACPI: bus type PCI registered
[   14.488851] acpiphp: ACPI Hot Plug PCI Controller Driver version: 0.5
[   14.502421] PCI: Using configuration type 1 for base access
[   14.515707] ACPI: Added _OSI(Module Device)
[   14.516752] ACPI: Added _OSI(Processor Device)
[   14.537220] ACPI: Added _OSI(3.0 _SCP Extensions)
[   14.593768] ACPI: Added _OSI(Processor Aggregator Device)
[   14.650655] ACPI: Executed 1 blocks of module-level executable AML code
[   14.731944] ACPI: Interpreter enabled
[   14.767617] ACPI: (supports S0 S5)
[   14.800307] ACPI: Using IOAPIC for interrupt routing
[   14.862937] PCI: Using host bridge windows from ACPI; if necessary, use "pci=nocrs" and report a bug
[   14.972755] ACPI: PCI Root Bridge [PCI0] (domain 0000 [bus 00-ff])
[   15.020693] acpi PNP0A03:00: _OSC: OS supports [ASPM ClockPM Segments MSI]
[   15.023741] acpi PNP0A03:00: _OSC: not requesting OS control; OS requires [ExtendedConfig ASPM ClockPM MSI]
[   15.101264] acpi PNP0A03:00: fail to add MMCONFIG information, can't access extended PCI configuration space under this bridge.
[   15.252811] PCI host bridge to bus 0000:00
[   15.290620] pci_bus 0000:00: root bus resource [io  0x0000-0x0cf7 window]
[   15.321006] pci_bus 0000:00: root bus resource [io  0x0d00-0xffff window]
[   15.331594] pci_bus 0000:00: root bus resource [mem 0x000a0000-0x000bffff window]
[   15.345352] pci_bus 0000:00: root bus resource [mem 0x40000000-0xfdffffff window]
[   15.354371] pci_bus 0000:00: root bus resource [bus 00-ff]
[   15.358951] pci 0000:00:01.1: legacy IDE quirk: reg 0x10: [io  0x01f0-0x01f7]
[   15.359993] pci 0000:00:01.1: legacy IDE quirk: reg 0x14: [io  0x03f6]
[   15.390900] pci 0000:00:01.1: legacy IDE quirk: reg 0x18: [io  0x0170-0x0177]
[   15.485131] pci 0000:00:01.1: legacy IDE quirk: reg 0x1c: [io  0x0376]
[   15.575034] pci 0000:00:07.0: quirk: [io  0x4000-0x403f] claimed by PIIX4 ACPI
[   15.606382] pci 0000:00:07.0: quirk: [io  0x4100-0x410f] claimed by PIIX4 SMB
[   15.618263] ACPI: PCI Interrupt Link [LNKA] (IRQs 5 9 10 *11)
[   15.621034] ACPI: PCI Interrupt Link [LNKB] (IRQs 5 9 *10 11)
[   15.622312] ACPI: PCI Interrupt Link [LNKC] (IRQs 5 *9 10 11)
[   15.647450] ACPI: PCI Interrupt Link [LNKD] (IRQs 5 9 10 *11)
[   15.712251] ACPI: Enabled 2 GPEs in block 00 to 07
[   15.752618] vgaarb: setting as boot device: PCI:0000:00:02.0
[   15.815520] vgaarb: device added: PCI:0000:00:02.0,decodes=io+mem,owns=io+mem,locks=none
[   15.898207] vgaarb: loaded
[   15.916063] vgaarb: bridge control possible 0000:00:02.0
[   15.970712] SCSI subsystem initialized
[   16.002808] ACPI: bus type USB registered
[   16.052721] usbcore: registered new interface driver usbfs
[   16.115193] usbcore: registered new interface driver hub
[   16.123365] usbcore: registered new device driver usb
[   16.126812] PCI: Using ACPI for IRQ routing
[   16.129573] NetLabel: Initializing
[   16.134805] NetLabel:  domain hash size = 128
[   16.178718] NetLabel:  protocols = UNLABELED CIPSOv4
[   16.230735] NetLabel:  unlabeled traffic allowed by default
[   16.273601] amd_nb: Cannot enumerate AMD northbridges
[   16.327188] clocksource: Switched to clocksource kvm-clock
[   16.83553] AppAmor: AppArmor Filesystem Enabled
[   16.435871] pnp: PnP ACPI init
[   16.437226] pn: nPCP: oud dece

[   16.71614]clocksure:cp_p: ask: 0xfff mx_yces0xfff,ax_ide_s: 208570124s[  1.332] NET: Registered protocol family 2

[   17.484715] TCP stablished hash table entries: 8192 (order: 4, 65536 bytes)
[   17.511216] TCP bind hash table entries: 8192 (order: 5, 131072 bytes)
[   17.512194] TCP: Hash tables configured (established 8192 bind 8192)
[   17.513153] UDP hash table entries: 512 (order: 2, 16384 bytes)
[   17.514045] UDP-Lite hash table entries: 512 (order: 2, 16384 bytes)
[   17.515112] NET: Registered protocol family 1
[   17.516039] pci 0000:00:00.0: Limiting direct PCI/PCI transfers
[   17.517107] pci 0000:00:01.0: Activating ISA DMA hang workarounds
[   17.518338] Unpacking initramfs...

[   1900046]Frei itr mor: 90K  193661] atrmrt_cos: registered platform RTC device (no PN dvie un)  19803512 Scannin fr ow memorcouptin vey 0 econds

[   20.213210] audit: initializing netlink subsys (disabled)
[   20.225091] audit: type=2000 audit(1530896600.276:1): initialized
[   20.226460] Initialise system trusted keyring
[   20.228649] HugeTLB registered 2 MB page size, pre-allocated 0 pages
[   20.236449] zbud: loaded
[   20.245434] VFS: Disk quotas dquot_6.6.0
[   20.247667] VFS: Dquot-cache hash table entries: 512 (order 0, 4096 bytes)
[   20.249337] squashfs: version 4.0 (2009/01/31) Phillip Lougher
[   20.250462] fuse init (API version 7.23)
[   20.251247] Key type big_key registered
[   20.252115] Allocating IMA MOK and blacklist keyrings.
[   20.255341] Key type asymmetric registered
[   20.256059] Asymmetric key parser 'x509' registered
[   20.256901] Block layer SCSI generic (bsg) driver version 0.4 loaded (major 249)
[   20.258458] io scheduler noop registered
[   20.259234] io scheduler deadline registered (default)
[   20.260246] io scheduler cfq registered
[   20.262514] pci_hotplug: PCI Hot Plug PCI Core version: 0.5
[   20.263737] pciehp: PCI Express Hot Plug Controller Driver version: 0.4
[   20.265294] ACPI: AC Adapter [AC] (off-line)
[   20.305920] input: Power Button as /devices/LNXSYSTM:00/LNXPWRBN:00/input/input0
[   20.365349] tsc: Refined TSC clocksource calibration: 2497.475 MHz
[   20.365351] clocksource: tsc: mask: 0xffffffffffffffff max_cycles: 0x23ffe8ba0f0, max_idle_ns: 440795309728 ns
[   20.722176] ACPI: Power Button [PWRF]
[   20.723174] input: Sleep Button as /devices/LNXSYSTM:00/LNXSLPBN:00/input/input1
[   20.732938] ACPI: Sleep Button [SLPF]
[   20.742179] ACPI: Battery Slot [BAT0] (battery present)
[   20.748051] GHES: HEST is not enabled!
[   20.752614] Serial: 8250/16550 driver, 22 ports, IRQ sharing enabled
[   20.808067] 00:02: ttyS0 at I/O 0x3f8 (irq = 4, base_baud = 115200) is a 16550A
[   21.019613] Linux agpgart interface v0.103
[   210619 lop mdue oad

[   1.316963] scsi host0: ata_piix

[   21.343994] scsi host1: ata_piix
[   21.344674] ata1: PATA max UDMA/33 cmd 0x1f0 ctl 0x3f6 bmdma 0xd000 irq 14
[   21.461300] ata2: PATA max UDMA/33 cmd 0x170 ctl 0x376 bmdma 0xd008 irq 15
[   21.571367] libphy: Fixed MDIO Bus: probed
[   21.613229] tun: Universal TUN/TAP device driver, 1.6
[   21.683882] tun: (C) 1999-2004 Max Krasnyansky <maxk@qualcomm.com>
[   21.779891] PPP generic driver version 2.4.2
[   21.787779] ehci_hcd: USB 2.0 'Enhanced' Host Controller (EHCI) Driver
[   21.807941] ehci-pci: EHCI PCI platform driver
[   21.820784] ehci-platform: EHCI generic platform driver
[   21.821632] ohci_hcd: USB 1.1 'Open' Host Controller (OHCI) Driver
[   21.823852] ohci-pci: OHCI PCI platform driver
[   21.824621] ohci-platform: OHCI generic platform driver
[   21.825466] uhci_hcd: USB Universal Host Controller Interface driver
[   21.849817] i8042: PNP: PS/2 Controller [PNP0303:PS2K,PNP0f03:PS2M] at 0x60,0x64 irq 1,12
[   21.905868] serio: i8042 KBD port at 0x60,0x64 irq 1
[   21.964911] serio: i8042 AUX port at 0x60,0x64 irq 12
[   22.027870] mousedev: PS/2 mouse device common for all mice
[   22.105442] input: AT Translated Set 2 keyboard as /devices/platform/i8042/serio0/input/input2
[   22.244662] rtc_cmos rtc_cmos: rtc core: registered rtc_cmos as rtc0
[   22.315683] rtc_cmos rtc_cmos: alarms up to one day, 114 bytes nvram
[   22.407726] i2c /dev entries driver
[   22.416036] device-mapper: uevent: version 1.0.3
[   22.425751] device-mapper: ioctl: 4.34.0-ioctl (2015-10-28) initialised: dm-devel@redhat.com

[   22.456747] ledtrig-cpu: registered to indicate activity on CPUs
[   22.521800] NET: Registered protocol family 10
[   22.577254] NET: Registered protocol family 17
[   22.637170] Key type dns_resolver registered
[   22.700056] registered taskstats version 1
[   22.752985] Loading compiled-in X.509 certificates
[   22.832320] Loaded X.509 cert 'Build time autogenerated kernel key: b3e0fe4bcd6378c38a2c0a4648abbc1fa5043a22'
[   22.873500] zswap: loaded using pool lzo/zbud
[   22.885750] Key type trusted registered
[   22.890976] Key type encrypted registered
[   22.899683] AppArmor: AppArmor sha1 policy hashing enabled
[   22.951875] ima: No TPM chip found, activating TPM-bypass!
[   22.957201] ima: Allocated hash algorithm: sha1
[   22.958698] evm: HMAC attrs: 0x1
[   22.960178]   Magic number: 10:771:86
[   22.991680] rtc_cmos rtc_cmos: setting system clock to 2018-07-06 17:03:34 UTC (1530896614)
[   23.105466] BIOS EDD facility v0.16 2004-Jun-25, 0 devices found
[   23.187694] EDD information not available.
[   23.236797] Freeing unused kernel memory: 1516K
[   23.291672] Write protecting the kernel read-only data: 14336k
[   23.356130] Freeing unused kernel memory: 1680K
[   24.012568] Freeing unused kernel memory: 96K
Loading, please wait...
starting version 229
[   24.792443] random: systemd-udevd: uninitialized urandom read (16 bytes read, 5 bits of entropy available)
[   24.793009] random: udevadm: uninitialized urandom read (16 bytes read, 5 bits of entropy available)
[   24.793024] random: udevadm: uninitialized urandom read (16 bytes read, 5 bits of entropy available)
[   24.799512] random: udevadm: uninitialized urandom read (16 bytes read, 5 bits of entropy available)
[   24.799544] random: udevadm: uninitialized urandom read (16 bytes read, 5 bits of entropy available)
[   24.799644] random: udevadm: uninitialized urandom read (16 bytes read, 5 bits of entropy available)
[   24.799684] random: udevadm: uninitialized urandom read (16 bytes read, 5 bits of entropy available)
[   24.799720] random: udevadm: uninitialized urandom read (16 bytes read, 5 bits of entropy available)
[   24.799756] random: udevadm: uninitialized urandom read (16 bytes read, 5 bits of entropy available)
[   24.799790] random: udevadm: uninitialized urandom read (16 bytes read, 5 bits of entropy available)
[   25.203738] e1000: Intel(R) PRO/1000 Network Driver - version 7.3.21-k8-NAPI
[   25.265572] e1000: Copyright (c) 1999-2006 Intel Corporation.
[   25.345921] Fusion MPT base driver 3.04.20
[   25.359243] Copyright (c) 1999-2008 LSI Corporation
[   25.416783] AVX2 version of gcm_enc/dec engaged.
[   25.499610] AES CTR mode by8 optimization enabled
[   25.526389] Fusion MPT SPI Host driver 3.04.20
[   25.610235] input: ImExPS/2 Generic Explorer Mouse as /devices/platform/i8042/serio1/input/input4
[   25.843989] e1000 0000:00:03.0 eth0: (PCI:33MHz:32-bit) 02:f6:92:8e:b0:b4
[   25.896779] e1000 0000:00:03.0 eth0: Intel(R) PRO/1000 Network Connection
[   25.948601] e1000 0000:00:03.0 enp0s3: renamed from eth0
[   26.060733] mptbase: ioc0: Initiating bringup
[   26.167851] ioc0: LSI53C1030 A0: Capabilities={Initiator}
[   26.490887] scsi host2: ioc0: LSI53C1030 A0, FwRev=00000000h, Ports=1, MaxQ=256, IRQ=20
[   26.607773] scsi 2:0:0:0: Direct-Access     VBOX     HARDDISK         1.0  PQ: 0 ANSI: 5
[   26.736294] scsi target2:0:0: Beginning Domain Validation
[   26.807474] scsi target2:0:0: Domain Validation skipping write tests
[   26.808598] scsi target2:0:0: Ending Domain Validation
[   26.809522] scsi target2:0:0: asynchronous
[   26.896631] scsi 2:0:1:0: Direct-Access     VBOX     HARDDISK         1.0  PQ: 0 ANSI: 5
[   26.963611] scsi target2:0:1: Beginning Domain Validation
[   26.981398] scsi target2:0:1: Domain Validation skipping write tests
[   27.015256] scsi target2:0:1: Ending Domain Validation
[   27.106335] scsi target2:0:1: asynchronous
[   27.182059] sd 2:0:0:0: Attached scsi generic sg0 type 0
[   27.192768] sd 2:0:0:0: [sda] 20971520 512-byte logical blocks: (10.7 GB/10.0 GiB)
[   27.203019] sd 2:0:1:0: Attached scsi generic sg1 type 0
[   27.203468] sd 2:0:1:0: [sdb] 20480 512-byte logical blocks: (10.5 MB/10.0 MiB)
[   27.203686] sd 2:0:1:0: [sdb] Write Protect is off
[   27.203817] sd 2:0:1:0: [sdb] Incomplete mode parameter data
[   27.203818] sd 2:0:1:0: [sdb] Assuming drive cache: write through
[   27.211530] sd 2:0:0:0: [sda] Write Protect is off
[   27.211742] sd 2:0:0:0: [sda] Incomplete mode parameter data
[   27.211744] sd 2:0:0:0: [sda] Assuming drive cache: write through
[   27.213641] sd 2:0:1:0: [sdb] Attached SCSI disk
[   27.215093]  sda: sda1
[   27.215701] sd 2:0:0:0: [sda] Attached SCSI disk
Begin: Loading e[   28.506011] md: linear personality registered for level -1
ssential drivers[   28.676560] md: multipath personality registered for level -4
 ... [   28.758387] md: raid0 personality registered for level 0
[   28.823948] md: raid1 personality registered for level 1
[   28.943447] raid6: sse2x1   gen() 10398 MB/s
[   29.105492] raid6: sse2x1   xor()  8004 MB/s
[   29.299892] raid6: sse2x2   gen() 12062 MB/s
[   29.403830] raid6: sse2x2   xor()  8670 MB/s
[   29.622868] raid6: sse2x4   gen() 16927 MB/s
[   29.735200] raid6: sse2x4   xor() 10904 MB/s
[   29.865381] raid6: avx2x1   gen() 20595 MB/s
[   29.995334] raid6: avx2x2   gen() 23698 MB/s
[   30.143874] raid6: avx2x4   gen() 28351 MB/s
[   30.295711] raid6: using algorithm avx2x4 gen() 28351 MB/s
[   30.374631] raid6: using avx2x2 recovery algorithm
[   30.378075] xor: automatically using best checksumming function:
[   30.427255]    avx       : 26090.000 MB/sec
[   30.445183] async_tx: api initialized (async)
[   30.463807] md: raid6 personality registered for level 6
[   30.545723] md: raid5 personality registered for level 5
[   30.625707] md: raid4 personality registered for level 4
[   30.781092] md: raid10 personality registered for level 10
done.
Begin: Running /scripts/init-premount ... done.
Begin: Mounting root file system ... Begin: Running /scripts/local-top ... done.
Begin: Running /scripts/local-premount ..[   30.923514] Btrfs loaded
. Scanning for Btrfs filesystems
done.
Warning: fsck not present, so skipping root file system
[   30.979125] EXT4-fs (sda1): mounted filesystem with ordered data mode. Opts: (null)
done.
Begin: Running /scripts/local-bottom ... done.
Begin: Running /scripts/init-bottom ... done.
[   31.0106]ysmd1] sstd 29unning in sstm od. PAM +AUDIT +SELINUX IM +APPARMOR +SMACK +SYSVINIT +UTMP +LIBCRYPTSETUP +GCRYPT +GNUTLS +ACL +XZ -LZ4 +SECCOMP +BLKID +ELFUTILS +KMOD -IDN)
[   1.53] std[]: etted virtualizationrale

[   2.2785] systemd[1]: Detected architecture x86-64.

Welcome to [1mUbuntu 16.04.4 LTS[0m!

[ 324153] systemd[1]: Set hostname to <ubuntu>.
[   32.529555] systemd[1]: Initializing machine ID from random generator.
[   32.530648] systemd[1]: Installed transient /etc/machine-id file.

[   32.698034] systemd[1]: Listening on Syslog Socket.
[[0;32m  OK  [0m] Listening on Syslog Socket.
[ 32.7542]ystemd[1]: Stard rierrelvon uda f netrk DS.
[[0;32m  OK  [0m] Started Trigger resolvconf update for networkd DNS.
[  33.792] sstd[]: Litening onJona Aitocet.
[[0;32m  OK  [0m] Listening on Journal Audit Socket.
[ 33797] systmd]:eahe trgt User and GroupNae okps. [[0;32m  OK  [0m] Reached target User and Group Name Lookups.
[ 346113] stem1]: reated slice Usr and ession Slice.
[[0;32m  OK  [0m] Created slice User and Session Slice.
[   34.952] stmd1] Racedart ncypted Volume. [[0;32m  OK  [0m] Reached target Encrypted Volumes.
[  3.6602]syted[]:Cratedlice System Slice.

[[0;32m  OK  [0m] Created slice System Slice.
[   35.899133] systemd[1]: Reached target Slices.
[[0;32m  OK  [0m] Reached target Slices.
[   35.901170] systemd[1]: Created slice system-serial\x2dgetty.slice.
[[0;32m  OK  [0m] Created slice system-serial\x2dgetty.slice.
[   35.903289] systemd[1]: Listening on LVM2 poll daemon socket.
[[0;32m  OK  [0m] Listening on LVM2 poll daemon socket.
[  35.95070] systemd[1]: Set up automout rbra Eecabe ilFoat FileSyteAumontPoin.
[[0;32m  OK  [0m] Set up automount Arbitrary Executab...ats File System Automount Point.
[   3.832040] ysmd[1]: ListeningonJorn Sck (ev/log).

[[0;32m  OK  [0m] Listening on Journal Socket (/dev/log).
[   37.178004] systemd[1]: Listening on Journal Socket.
[[0;32m  OK  [0m] Listening on Journal Socket.
[   37.191969] systemd[1]: Starting Journal Service...
         Starting Journal Service...
[   37.239860] systemd[1]: Mounting POSIX Message Queue File System...
         Mounting POSIX Message Queue File System...
[   37.331581] systemd[1]: Mounting Huge Pages File System...
         Mounting Huge Pages File System...
[   37.363874] systemd[1]: Starting Load Kernel Modules...
         Startin[   37.482509] Loading iSCSI transport class v2.0-870.
g Load Kernel Mo[   37.631843] iscsi: registered transport (tcp)
dules...
[   37.681168] random: nonblocking pool is initialized
[   37.771485] systemd[1]: Mounting Debug File System...
         [   37.824672] iscsi: registered transport (iser)
Mounting Debug File System...
[   37.905955] systemd[1]: Starting Set console keymap...
         Starting Set console keymap...
[   37.984104] systemd[1]: Starting Nameserver information manager...
         Starting Nameserver information manager...
[   38.031472] systemd[1]: Listening on /dev/initctl Compatibility Named Pipe.
[[0;32m  OK  [0m] Listening on /dev/initctl Compatibility Named Pipe.
[   38.050833] systemd[1]: Listening on LVM2 metadata daemon socket.
[[0;32m  OK  [0m] Listening on LVM2 metadata daemon socket.
[   38.084181] systemd[1]: Starting Remount Root and Kernel File Systems...
         [   38.158283] EXT4-fs (sda1): re-mounted. Opts: (null)
Starting Remount Root and Kernel File Systems...
[  3.276199] systemd[1]: Started Forward assword Requests to Wall Directory Watch.
[[0;32m  OK  [0m] Started Forward Password Requests to Wall Directory Watch.
[   38.375898] systemd[1]: Starting Uncomplicated firewall...
         Starting Uncomplicated firewall...
[ 3846712] sysem[1: istening on udev CntolSoket.
[[0;32m  OK  [0m] Listening on udev Control Socket.
[   .94089syte[1: iseng n evcemaper event damo FOs
[[0;32m  OK  [0m] Listening on Device-mapper event daemon FIFOs.
[   39.635729] systemd[1]: Starting Monitoring of LVM2 mirrors, snapshots etc. using dmeventd or progress polling...
         Starting Monitoring of LVM2 mirrors... dmeventd or progress polling...
[   39.776681] systemd[1]: Starting Create list of required static device nodes for the current kernel...
         Starting Create list of required st... nodes for the current kernel...
[  39.904163] systemd1]: eached target stm im Sncroized.

[[0;32m  OK  [0m] Reached target System Time Synchronized.
[   40.196007] systemd[1]: Listening on udev Kernel Socket.
[[0;32m  OK  [0m] Listening on udev Kernel Socket.
[   40.201447] systemd[1]: Reached target Swap.
[[0;32m  OK  [0m] Reached target Swap.
[   40.220564] systemd[1]: Mounted Huge Pages File System.
[[0;32m  OK  [0m] Mounted Huge Pages File System.
[   40.328101] systemd[1]: Mounted Debug File System.
[[0;32m  OK  [0m] Mounted Debug File System.
[   40.385874] systemd[1]: Mounted POSIX Message Queue File System.
[[0;32m  OK  [0m] Mounted POSIX Message Queue File System.
[ 404094] systemd[1]: Strted Journal Service.
[[0;32m  OK  [0m] Started Journal Service.
[[0;32m  OK  [0m] Started Load Kernel Modules.
[[0;32m  OK  [0m] Started Set console keymap.
[[0;32m  OK  [0m] Started Remount Root and Kernel File Systems.
[[0;32m  OK  [0m] Started Uncomplicated firewall.
[[0;32m  OK  [0m] Started Create list of required sta...ce nodes for the current kernel.
[[0;32m  OK  [0m] Started Nameserver information manager.
[[0;32m  OK  [0m] Started LVM2 metadata daemon.
         Starting Create Static Device Nodes in /dev...
         Starting Load/Save Random Seed...
         Starting udev Coldplug all Devices...
         Starting Apply Kernel Variables...
         Mounting FUSE Control File System...
         Starting Flush Journal to Persistent Storage...
[[0;32m  OK  [0m] Mounted FUSE Control File System.
[[0;32m  OK  [0m] Started Monitoring of LVM2 mirrors,...ng dmeventd or progress polling.
[[0;32m  OK  [0m] Started Create Static Device Nodes in /dev.
[[0;32m  OK  [0m] Started Load/Save Random Seed.
[[0;32m  OK  [0m] Started Apply Kernel Variables.
[[0;32m  OK  [0m] Started udev Coldplug all Devices.
[[0;32m  OK  [0m] Started Flush Journal to Persistent Storage.
         Starting udev Kernel Device Manager...
[[0;32m  OK  [0m] Started udev Kernel Device Manager.
[[0;32m  OK  [0m] Started Dispatch Password Requests to Console Directory Watch.
[[0;32m  OK  [0m] Reached target Local File Systems (Pre).
[[0;32m  OK  [0m] Reached target Local File Systems.
         Starting LSB: AppArmor initialization...
         Starting Tell Plymouth To Write Out Runtime Data...
         Starting Initial cloud-init job (pre-networking)...
         Starting Commit a transient machine-id on disk...
         Starting Create Volatile Files and Directories...
         Starting Set console font and keymap...
[[0;32m  OK  [0m] Started Tell Plymouth To Write Out Runtime Data.
[[0;32m  OK  [0m] Started Create Volatile Files and Directories.
         Starting Update UTMP about System Boot/Shutdown...
[[0;32m  OK  [0m] Started Commit a transient machine-id on disk.
[[0;32m  OK  [0m] Found device /dev/ttyS0.
[[0;32m  OK  [0m] Started Update UTMP about System Boot/Shutdown.
[[0;32m  OK  [0m] Listening on Load/Save RF Kill Switch Status /dev/rfkill Watch.
[[0;32m  OK  [0m] Started LSB: AppArmor initialization.
[   26.620862] [cloud-init[0;32m  OK  [0m[478]: ] Cloud-init v. 18.2 running 'init-local' at Fri, 06 Jul 2018 17:03:53 +0000. Up 26.21 seconds.Started Set console font and keymap.

[[0;32m  OK  [0m] Started Initial cloud-init job (pre-networking).
[[0;32m  OK  [0m] Reached target Network (Pre).
[[0;32m  OK  [0m] Created slice system-getty.slice.
         Starting Raise network interfaces...
[[0;32m  OK  [0m] Started Raise network interfaces.
         Starting Initial cloud-init job (metadata service crawler)...
[[0;32m  OK  [0m] Reached target Network.
[   27.944802] cloud-init[956]: Cloud-init v. 18.2 running 'init' at Fri, 06 Jul 2018 17:03:54 +0000. Up 27.40 seconds.
[   27.964473] cloud-init[956]: ci-info: +++++++++++++++++++++++++++++++++++++Net device info++++++++++++++++++++++++++++++++++++++
[   27.970963] cloud-init[956]: ci-info: +--------+------+----------------------------+---------------+-------+-------------------+
[   27.987326] cloud-init[956]: ci-info: | Device |  Up  |          Address           |      Mask     | Scope |     Hw-Address    |
[   27.991369] cloud-init[956]: ci-info: +--------+------+----------------------------+---------------+-------+-------------------+
[   27.992926] cloud-init[956]: ci-info: | enp0s3 | True |         10.0.2.15          | 255.255.255.0 |   .   | 02:f6:92:8e:b0:b4 |
[   27.994551] cloud-init[956]: ci-info: | enp0s3 | True | fe80::f6:92ff:fe8e:b0b4/64 |       .       |  link | 02:f6:92:8e:b0:b4 |
[   27.996184] cloud-init[956]: ci-info: |   lo   | True |         127.0.0.1          |   255.0.0.0   |   .   |         .         |
[   27.997775] cloud-init[956]: ci-info: |   lo   | True |          ::1/128           |       .       |  host |         .         |
[   28.020713] cloud-init[956]: ci-info: +--------+------+----------------------------+---------------+-------+-------------------+
[   28.020921] cloud-init[956]: ci-info: +++++++++++++++++++++++++++Route IPv4 info++++++++++++++++++++++++++++
[[0;32m  OK  [0m] Started Initial cloud-init job (metadata service crawler).
[   28.021120] cloud-init[956]: ci-info: +-------+-------------+----------+---------------+-----------+-------+
[   28.184287] cloud-init[956]: ci-info: | Route | Destination | Gateway  |    Genmask    | Interface | Flags |
[   28.184475] cloud-init[956]: ci-info: +-------+-------------+----------+---------------+-----------+-------+
[[0;32m  OK  [0m] Reached target Cloud-config availability.
[[   28.185219] cloud-init[956]: ci-info: |   0   |   0.0.0.0   | 10.0.2.2 |    0.0.0.0    |   enp0s3  |   UG  |
[   28.234855] cloud-init[956]: ci-info: |   1   |   10.0.2.0  | 0.0.0.0  | 255.255.255.0 |   enp0s3  |   U   |
[   28.235007] [0;32m  OK  [0mcloud-init] [956]: Reached target Network is Online.ci-info: +-------+-------------+----------+---------------+-----------+-------+

[   28.235602] cloud-init[956]: Generating public/private rsa key pair.
[   28.399057] cloud-init[956]: Your identification has been saved in /etc/ssh/ssh_host_rsa_key.
[   28.399304] cloud-init[956]: Your public key has been saved in /etc/ssh/ssh_host_rsa_key.pub.
         Starting iSCSI initiator daemon (iscsid)...
[[   28.399561] cloud-init[956]: The key fingerprint is:
[   28.432961] cloud-init[956]: SHA256:uHMYbQX8I/hAeFxPO1bQ9BKpAjWpgtcQ8HgIGeGo+g0 root@ubuntu-xenial
[0;32m  OK  [0m] Reached target System Initialization.
[   28.433073] cloud-init[956]: The key's randomart image is:
[   28.548352] cloud-init[956]: +---[RSA 2048]----+
[   28.548578] cloud-init[956]: |++...+ +=.o++.   |
[[0;32m  OK  [0m] Started Daily apt download activities.
[[   28.548847] [0;32m  OK  [0mcloud-init] [956]: Started Daily Cleanup of Temporary Directories.|+. +o = o= ooo   |

[   28.578106] cloud-init[956]: |..o.o= + .*.. .  |
[   28.578313] cloud-init[956]: |. ..o =ooo+. .   |
[   28.578432] cloud-init[956]: |.  . .ooSo .     |
[   28.578554] cloud-init[956]: |.      =.        |
[   28.578675] cloud-init[956]: |. E   + .        |
[   28.578794] cloud-init[956]: | . o   o         |
[   28.578930] cloud-init[956]: |  . .            |
[   28.579218] cloud-init[956]: +----[SHA256]-----+
[   28.579288] cloud-init[956]: Generating public/private dsa key pair.
[   28.579403] cloud-init[956]: Your identification has been saved in /etc/ssh/ssh_host_dsa_key.
[   28.579522] cloud-init[956]: Your public key has been saved in /etc/ssh/ssh_host_dsa_key.pub.
[   28.579642] cloud-init[956]: The key fingerprint is:
[   28.579763] cloud-init[956]: SHA256:Eo+lSdBZYaI5OPWyfZv4z1FuKLKpoiKz2Dqd2DykltE root@ubuntu-xenial
[   28.579883] cloud-init[956]: The key's randomart image is:
[   28.580006] cloud-init[956]: +---[DSA 1024]----+
[   28.580147] cloud-init[956]: |    o..o+.       |
[   28.580260] cloud-init[956]: |   o =oo         |
[   28.580381] cloud-init[956]: |  o = + .        |
[   28.580500] cloud-init[956]: |   . * B         |
[   28.580619] cloud-init[956]: |  . . * S   .    |
[   28.580740] cloud-init[956]: | ..E   + o +     |
[   28.580860] cloud-init[956]: | Bo.  o + o o    |
[   28.580979] cloud-init[956]: |O+B    = o o     |
[   28.581104] cloud-init[956]: |O*.o..o ..o      |
[   28.581227] cloud-init[956]: +----[SHA256]-----+
[   28.581346] cloud-init[956]: Generating public/private ecdsa key pair.
[   28.581466] cloud-init[956]: Your identification has been saved in /etc/ssh/ssh_host_ecdsa_key.
[   28.581586] cloud-init[956]: Your public key has been saved in /etc/ssh/ssh_host_ecdsa_key.pub.
[   28.581707] cloud-init[956]: The key fingerprint is:
[   28.581827] cloud-init[956]: SHA256:dyEIP0XTtmkPcYNLPECbUsTu2C8C5xffG7cix0de5SI root@ubuntu-xenial
[   28.581947] cloud-init[956]: The key's randomart image is:
[   28.582066] cloud-init[956]: +---[ECDSA 256]---+
[   28.582187] cloud-init[956]: |      .  =O+ .   |
[   28.582307] cloud-init[956]: |       o +.+O o  |
[   28.582425] cloud-init[956]: |        =.+o.B . |
[   28.582545] cloud-init[956]: |         o..*.  .|
[   28.582665] cloud-init[956]: |        S+...o ..|
[   28.582785] cloud-init[956]: |      . o.+.E o.o|
[   28.582905] cloud-init[956]: |       +   +.o+.o|
[   28.583024] cloud-init[956]: |        o o.o+.=.|
[   28.583144] cloud-init[956]: |         o .o +o |
         Starting Socket activation for snappy daemon.
[[   28.583286] cloud-init[956]: +----[SHA256]-----+
[   28.816246] cloud-init[956]: Generating public/private ed25519 key pair.
[0;32m  OK  [0m] Listening on ACPID Listen Socket.
[   28.816364] cloud-init[956]: Your identification has been saved in /etc/ssh/ssh_host_ed25519_key.
[   28.930215] cloud-init[956]: Your public key has been saved in /etc/ssh/ssh_host_ed25519_key.pub.
[   28.930485] cloud-init[956]: The key fingerprint is:
[[0;32m  OK  [0m] Started ACPI Events Check.
[   28.931435] cloud-init[956]: SHA256:GlaMXSqHy5QZO5jZEt+HX0dsqB9GPajGIRWY8WHVolo root@ubuntu-xenial
[   28.949167] cloud-init[956]: The key's randomart image is:
[[0;32m  OK  [0m] Reached target Paths.
[[   28.949275] cloud-init[956]: +--[ED25519 256]--+
[   28.958249] cloud-init[956]: |    . . .=*o.*.  |
[   28.958364] cloud-init[956]: |     B @+*..=.*  |
[   28.958492] cloud-init[956]: |    = % Ooo*.o.. |
[   28.958627] cloud-init[956]: |     + * oE.o.   |
[   28.958767] cloud-init[956]: |      = S+.o .   |
[   28.958941] cloud-init[956]: |     . o.   .    |
[   28.959062] cloud-init[956]: |      .          |
[   28.959190] cloud-init[956]: |                 |
[   28.959319] cloud-init[956]: |                 |
[   28.959445] cloud-init[956]: +----[SHA256]-----+
[0;32m  OK  [0m] Started Daily apt upgrade and clean activities.
[[0;32m  OK  [0m] Reached target Timers.
[[0;32m  OK  [0m] Listening on UUID daemon activation socket.
[[0;32m  OK  [0m] Listening on D-Bus System Message Bus Socket.
         Starting LXD - unix socket.
[[0;32m  OK  [0m] Listening on Socket activation for snappy daemon.
[[0;32m  OK  [0m] Listening on LXD - unix socket.
[[0;32m  OK  [0m] Started iSCSI initiator daemon (iscsid).
         Starting Login to default iSCSI targets...
[[0;32m  OK  [0m] Reached target Sockets.
[[0;32m  OK  [0m] Reached target Basic System.
[[0;32m  OK  [0m] Started FUSE filesystem for LXC.
         Starting Accounts Service...
[[0;32m  OK  [0m] Started D-Bus System Message Bus.
         Starting System Logging Service...
[[0;32m  OK  [0m] Started Unattended Upgrades Shutdown.
[[0;32m  OK  [0m] Started ACPI event daemon.
[[0;32m  OK  [0m] Started Deferred execution scheduler.
         Starting LSB: Record successful boot for GRUB...
         Starting Pollinate to seed the pseudo random number generator...
         Starting Apply the settings specified in cloud-config...
         Starting Virtualbox guest utils...
         Starting Login Service...
[[0;32m  OK  [0m] Started Regular background program processing daemon.
         Starting LXD - container startup/shutdown...
         Starting /etc/rc.local Compatibility...
         Starting LSB: MD monitoring daemon...
         Starting Snappy daemon...
[[0;32m  OK  [0m] Started System Logging Service.
[[0;32m  OK  [0m] Started /etc/rc.local Compatibility.
[[0;32m  OK  [0m] Started LXD - container startup/shutdown.
[[0;32m  OK  [0m] Started Login to default iSCSI targets.
[[0;32m  OK  [0m] Started LSB: Record successful boot for GRUB.
[[0;32m  OK  [0m] Started LSB: MD monitoring daemon.
[[0;32m  OK  [0m] Started Snappy daemon.
[[0;32m  OK  [0m] Started Virtualbox guest utils.
         Starting Authenticate and Authorize Users to Run Privileged Tasks...
         Starting Wait until snapd is fully seeded...
[[0;32m  OK  [0m] Reached target Remote File Systems (Pre).
[[0;32m  OK  [0m] Reached target Remote File Systems.
         Starting LSB: Set the CPU Frequency Scaling governor to "ondemand"...
         Starting Permit User Sessions...
         Starting LSB: automatic crash report generation...
         Starting LSB: daemon to balance interrupts for SMP systems...
[[0;32m  OK  [0m] Started Permit User Sessions.
[[0;32m  OK  [0m] Started Login Service.
[[0;32m  OK  [0m] Started Authenticate and Authorize Users to Run Privileged Tasks.
[[0;32m  OK  [0m] Started Accounts Service.
[[0;32m  OK  [0m] Started LSB: Set the CPU Frequency Scaling governor to "ondemand".
         Starting Hold until boot process finishes up...
         Starting Terminate Plymouth Boot Screen...
[[0;32m  OK  [0m] Started LSB: daemon to balance interrupts for SMP systems.
[[0;32m  OK  [0m] Started Hold until boot process finishes up.
[[0;32m  OK  [0m] Started Terminate Plymouth Boot Screen.
[   30.044017] cloud-init[1091]: Generating locales (this might take a while)...
[[0;32m  OK  [0m] Started Getty on tty1.
[[0;32m  OK  [0m] Started Serial Getty on ttyS0.
[[0;32m  OK  [0m] Reached target Login Prompts.
         Starting Set console scheme...
[[0;32m  OK  [0m] Started Pollinate to seed the pseudo random number generator.
[[0;32m  OK  [0m] Started LSB: automatic crash report generation.
[[0;32m  OK  [0m] Started Set console scheme.
         Starting OpenBSD Secure Shell server...
[[0;32m  OK  [0m] Started OpenBSD Secure Shell server.
[[0;32m  OK  [0m] Created slice User Slice of vagrant.
         Starting User Manager for UID 1000...
[[0;32m  OK  [0m] Started User Manager for UID 1000.
[[0;32m  OK  [0m] Started Session 1 of user vagrant.
[   30.775087] cloud-init[1091]:   en_US.UTF-8... done
[   30.790297] cloud-init[1091]: Generation complete.
[   31.132473] cloud-init[1091]: Cloud-init v. 18.2 running 'modules:config' at Fri, 06 Jul 2018 17:03:57 +0000. Up 29.90 seconds.
[[0;32m  OK  [0m] Started Apply the settings specified in cloud-config.
[[0;32m  OK  [0m] Started Wait until snapd is fully seeded.
[[0;32m  OK  [0m] Reached target Multi-User System.
         Starting Execute cloud user/final scripts...
[[0;32m  OK  [0m] Reached target Graphical Interface.
         Starting Update UTMP about System Runlevel Changes...
[[0;32m  OK  [0m] Started Update UTMP about System Runlevel Changes.
ci-info: no authorized ssh keys fingerprints found for user ubuntu.
         Stopping User Manager for UID 1000...
<14>Jul  6 17:03:59 ec2: 
<14>Jul  6 17:03:59 ec2: #############################################################
<14>Jul  6 17:03:59 ec2: -----BEGIN SSH HOST KEY FINGERPRINTS-----
<14>Jul  6 17:03:59 ec2: 1024 SHA256:Eo+lSdBZYaI5OPWyfZv4z1FuKLKpoiKz2Dqd2DykltE root@ubuntu-xenial (DSA)
<14>Jul  6 17:03:59 ec2: 256 SHA256:dyEIP0XTtmkPcYNLPECbUsTu2C8C5xffG7cix0de5SI root@ubuntu-xenial (ECDSA)
<14>Jul  6 17:03:59 ec2: 256 SHA256:GlaMXSqHy5QZO5jZEt+HX0dsqB9GPajGIRWY8WHVolo root@ubuntu-xenial (ED25519)
<14>Jul  6 17:03:59 ec2: 2048 SHA256:uHMYbQX8I/hAeFxPO1bQ9BKpAjWpgtcQ8HgIGeGo+g0 root@ubuntu-xenial (RSA)
<14>Jul  6 17:03:59 ec2: -----END SSH HOST KEY FINGERPRINTS-----
<14>Jul  6 17:03:59 ec2: #############################################################
-----BEGIN SSH HOST KEY KEYS-----
ecdsa-sha2-nistp256 AAAAE2VjZHNhLXNoYTItbmlzdHAyNTYAAAAIbmlzdHAyNTYAAABBBM0zvoLFWPSTWXmpCiTJnAmQD2wFgBIun9cyFR9++JTJVqb4vNeJyEWdePb3k7U7kT+1d8a05qHAr6IJzH6nPlI= root@ubuntu-xenial
ssh-ed25519 AAAAC3NzaC1lZDI1NTE5AAAAIGoU9RKVK+b1Fb7vGoL1opyEsxk8/itwGuN/HqVKc7CB root@ubuntu-xenial
ssh-rsa AAAAB3NzaC1yc2EAAAADAQABAAABAQCqnbP2Bz006/a5lGDcbdGgxVzkkzW5njzmMXA+seTbJQn/Fu3yusg5QsBySr02rSLDkPJ8aatEWHIjeobBjCp4alLJEAOlakrOrieRdnATU3ZHYs5QJ6Mfzpv5ixuhMOoxW/bwKUGjBOi3RNGXC2YFhqLmN90ucavB9E7gp9HPJoKAZPs2CbetjA60bhHRy6vQwCxBoB/xWE+2CMQfbYUg0GHrcbhNNL2xxR3p6tduk2z4Pde1lLe6AP/5V09Qrv6FxhLBgkrProeaz3KCEGl71dBq2A53pUhXuV4p6OA5JcdOr63v5XSiLHkfEHFOaSZfSjDMkGe+GSidIoU+oSct root@ubuntu-xenial
-----END SSH HOST KEY KEYS-----
[[0;32m  OK  [0m] Stopped User Manager for UID 1000.
[[0;32m  OK  [0m] Removed slice User Slice of vagrant.
[[0;32m  OK  [0m] Started Execute cloud user/final scripts.
[   32.245905] cloud-init[1471]: Cloud-init v. 18.2 running 'modules:final' at Fri, 06 Jul 2018 17:03:58 +0000. Up 31.63 seconds.
[   32.417522] cloud-init[1471]: ci-info: no authorized ssh keys fingerprints found for user ubuntu.
[[0;32m  OK  [0m] Reached target Cloud-init target.
[   32.485354] cloud-init[1471]: Cloud-init v. 18.2 finished at Fri, 06 Jul 2018 17:03:59 +0000. Datasource DataSourceNoCloud [seed=/dev/sdb][dsmode=net].  Up 32.23 seconds

Ubuntu 16.04.4 LTS ubuntu-xenial ttyS0

ubuntu-xenial login: 